accountsservice
acpi
acpid
alsa-firmware
alsa-plugins
alsa-utils
android-tools
arandr
artwork-i3
autoconf
automake
avahi
b43-fwcutter
binutils
bison
blueman
bluez-utils
bmenu
btrfs-progs
cantarell-fonts
ccache
clipit
cpupower
crda
cronie
deluge
dfc
dhclient
dmidecode
dmraid
dnsmasq
dosfstools
downgrade
ecryptfs-utils
efibootmgr
epdfview
etcher
exfat-utils
f2fs-tools
fakeroot
ffmpeg
ffmpegthumbnailer
flac
flex
gcc
gcolor2
gconf
gimp
git
gksu-polkit
gnome-disk-utility
gnome-keyring
gparted
gperf
grub
grub-theme-manjaro-dev
gst-libav
gst-plugins-bad
gst-plugins-base
gst-plugins-good
gst-plugins-ugly
gstreamer
gtk3-classic
gtksourceview-pkgbuild
gufw
gvfs
gvfs-afc
gvfs-gphoto2
gvfs-mtp
gvfs-smb
haveged
hexchat
htop
intel-ucode
inxi
iptables
ipw2100-fw
ipw2200-fw
kvantum-manjaro
lib32-flex
lib32-libva-vdpau-driver
lib32-mesa-demos
lib32-mesa-vdpau
lib32-vulkan-intel
lib32-vulkan-radeon
libdvdcss
libgpod
libtool
libva-mesa-driver
libva-vdpau-driver
lightdm-settings
lightdm-slick-greeter
linux419
linux419-r8168
linux50
linux50-r8168
lsb-release
lxappearance
lxinput
m4
maia-console
make
manjaro-alsa
manjaro-browser-settings
manjaro-firmware
manjaro-hello
manjaro-hotfixes
manjaro-i3-settings
manjaro-printer
manjaro-ranger-settings
manjaro-release
manjaro-settings-manager-notifier
manjaro-system
markdown_previewer
matcha-gtk-theme
memtest86+
mesa-demos
mesa-vdpau
mkinitcpio-openswap
mlocate
mobile-broadband-provider-info
moc
modemmanager
morc_menu
mousepad
ncdu
neofetch
nerd-fonts-noto-sans-mono
network-manager-applet
networkmanager
networkmanager-openconnect
networkmanager-openvpn
networkmanager-pptp
networkmanager-vpnc
nfs-utils
nss-mdns
ntfs-3g
ntp
numlockx
open-fuse-iso
openresolv
openssh
os-prober
p7zip
palemoon-bin
pamac-dev
patch
patchutils
pcmanfm
perl-file-mimeinfo
perl-switch
pkgconf
polkit-gnome
polybar
poppler-data
powertop
pygtk
python2-virtualenv
qt5-styleplugins
qt5ct
ranger
rofi
rsync
sbxkb
schedtool
screenfetch
spectre-meltdown-checker
speedtest-cli
squashfs-tools
subversion
sudo
syslog-ng
systemd-fsck-silent
terminus-font
tlp
tree
ttf-bitstream-vera
ttf-dejavu
ttf-droid
ttf-inconsolata
ttf-indic-otf
ttf-liberation
ttf-nerd-fonts-symbols
ttf-roboto
unzip
upower
vertex-maia-themes
vibrancy-icons-teal
viewnior
vim
vlc
volumeicon
vulkan-intel
vulkan-radeon
w3m
wget
wmutils
wpa_supplicant
wxgtk2
xarchiver
xautolock
xcursor-chameleon-pearl
xcursor-maia
xdg-su
xdg-user-dirs
xdg-utils
xdotool
xf86-input-elographics
xf86-input-evdev
xf86-input-keyboard
xf86-input-libinput
xf86-input-mouse
xf86-input-void
xf86-video-amdgpu
xf86-video-ati
xf86-video-intel
xf86-video-nouveau
xfburn
xfce4-power-manager
xorg-server
xorg-twm
xorg-xhost
xorg-xinit
xorg-xkill
xorg-xprop
xterm
yay
zip
zsh
